This is pdfTeX, Version 3.14159265-2.6-1.40.18 (TeX Live 2017) (preloaded format=pdflatex 2017.5.23)  29 OCT 2017 11:16
entering extended mode
 restricted \write18 enabled.
 %&-line parsing enabled.
**constraint-master
(./constraint-master.tex
LaTeX2e <2017-04-15>
Babel <3.10> and hyphenation patterns for 84 language(s) loaded.
(/usr/local/texlive/2017/texmf-dist/tex/latex/base/article.cls
Document Class: article 2014/09/29 v1.4h Standard LaTeX document class
(/usr/local/texlive/2017/texmf-dist/tex/latex/base/size11.clo
File: size11.clo 2014/09/29 v1.4h Standard LaTeX file (size option)
)
\c@part=\count79
\c@section=\count80
\c@subsection=\count81
\c@subsubsection=\count82
\c@paragraph=\count83
\c@subparagraph=\count84
\c@figure=\count85
\c@table=\count86
\abovecaptionskip=\skip41
\belowcaptionskip=\skip42
\bibindent=\dimen102
)
(/usr/local/texlive/2017/texmf-dist/tex/latex/amsmath/amsmath.sty
Package: amsmath 2016/11/05 v2.16a AMS math features
\@mathmargin=\skip43

For additional information on amsmath, use the `?' option.
(/usr/local/texlive/2017/texmf-dist/tex/latex/amsmath/amstext.sty
Package: amstext 2000/06/29 v2.01 AMS text

(/usr/local/texlive/2017/texmf-dist/tex/latex/amsmath/amsgen.sty
File: amsgen.sty 1999/11/30 v2.0 generic functions
\@emptytoks=\toks14
\ex@=\dimen103
))
(/usr/local/texlive/2017/texmf-dist/tex/latex/amsmath/amsbsy.sty
Package: amsbsy 1999/11/29 v1.2d Bold Symbols
\pmbraise@=\dimen104
)
(/usr/local/texlive/2017/texmf-dist/tex/latex/amsmath/amsopn.sty
Package: amsopn 2016/03/08 v2.02 operator names
)
\inf@bad=\count87
LaTeX Info: Redefining \frac on input line 213.
\uproot@=\count88
\leftroot@=\count89
LaTeX Info: Redefining \overline on input line 375.
\classnum@=\count90
\DOTSCASE@=\count91
LaTeX Info: Redefining \ldots on input line 472.
LaTeX Info: Redefining \dots on input line 475.
LaTeX Info: Redefining \cdots on input line 596.
\Mathstrutbox@=\box26
\strutbox@=\box27
\big@size=\dimen105
LaTeX Font Info:    Redeclaring font encoding OML on input line 712.
LaTeX Font Info:    Redeclaring font encoding OMS on input line 713.
\macc@depth=\count92
\c@MaxMatrixCols=\count93
\dotsspace@=\muskip10
\c@parentequation=\count94
\dspbrk@lvl=\count95
\tag@help=\toks15
\row@=\count96
\column@=\count97
\maxfields@=\count98
\andhelp@=\toks16
\eqnshift@=\dimen106
\alignsep@=\dimen107
\tagshift@=\dimen108
\tagwidth@=\dimen109
\totwidth@=\dimen110
\lineht@=\dimen111
\@envbody=\toks17
\multlinegap=\skip44
\multlinetaggap=\skip45
\mathdisplay@stack=\toks18
LaTeX Info: Redefining \[ on input line 2817.
LaTeX Info: Redefining \] on input line 2818.
)
(/usr/local/texlive/2017/texmf-dist/tex/latex/tools/verbatim.sty
Package: verbatim 2014/10/28 v1.5q LaTeX2e package for verbatim enhancements
\every@verbatim=\toks19
\verbatim@line=\toks20
\verbatim@in@stream=\read1
)
(/usr/local/texlive/2017/texmf-dist/tex/latex/graphics/color.sty
Package: color 2016/07/10 v1.1e Standard LaTeX Color (DPC)

(/usr/local/texlive/2017/texmf-dist/tex/latex/graphics-cfg/color.cfg
File: color.cfg 2016/01/02 v1.6 sample color configuration
)
Package color Info: Driver file: pdftex.def on input line 147.

(/usr/local/texlive/2017/texmf-dist/tex/latex/graphics-def/pdftex.def
File: pdftex.def 2017/01/12 v0.06k Graphics/color for pdfTeX

(/usr/local/texlive/2017/texmf-dist/tex/generic/oberdiek/infwarerr.sty
Package: infwarerr 2016/05/16 v1.4 Providing info/warning/error messages (HO)
)
(/usr/local/texlive/2017/texmf-dist/tex/generic/oberdiek/ltxcmds.sty
Package: ltxcmds 2016/05/16 v1.23 LaTeX kernel commands for general use (HO)
)
\Gread@gobject=\count99
)
(/usr/local/texlive/2017/texmf-dist/tex/latex/graphics/dvipsnam.def
File: dvipsnam.def 2016/06/17 v3.0m Driver-dependent file (DPC,SPQR)
))
(/usr/local/texlive/2017/texmf-dist/tex/latex/setspace/setspace.sty
Package: setspace 2011/12/19 v6.7a set line spacing
)
(/usr/local/texlive/2017/texmf-dist/tex/latex/graphics/lscape.sty
Package: lscape 2000/10/22 v3.01 Landscape Pages (DPC)

(/usr/local/texlive/2017/texmf-dist/tex/latex/graphics/graphics.sty
Package: graphics 2017/04/14 v1.1b Standard LaTeX Graphics (DPC,SPQR)

(/usr/local/texlive/2017/texmf-dist/tex/latex/graphics/trig.sty
Package: trig 2016/01/03 v1.10 sin cos tan (DPC)
)
(/usr/local/texlive/2017/texmf-dist/tex/latex/graphics-cfg/graphics.cfg
File: graphics.cfg 2016/06/04 v1.11 sample graphics configuration
)
Package graphics Info: Driver file: pdftex.def on input line 99.
))
(/usr/local/texlive/2017/texmf-dist/tex/latex/tools/longtable.sty
Package: longtable 2014/10/28 v4.11 Multi-page Table package (DPC)
\LTleft=\skip46
\LTright=\skip47
\LTpre=\skip48
\LTpost=\skip49
\LTchunksize=\count100
\LTcapwidth=\dimen112
\LT@head=\box28
\LT@firsthead=\box29
\LT@foot=\box30
\LT@lastfoot=\box31
\LT@cols=\count101
\LT@rows=\count102
\c@LT@tables=\count103
\c@LT@chunks=\count104
\LT@p@ftn=\toks21
)
(/usr/local/texlive/2017/texmf-dist/tex/latex/geometry/geometry.sty
Package: geometry 2010/09/12 v5.6 Page Geometry

(/usr/local/texlive/2017/texmf-dist/tex/latex/graphics/keyval.sty
Package: keyval 2014/10/28 v1.15 key=value parser (DPC)
\KV@toks@=\toks22
)
(/usr/local/texlive/2017/texmf-dist/tex/generic/oberdiek/ifpdf.sty
Package: ifpdf 2017/03/15 v3.2 Provides the ifpdf switch
)
(/usr/local/texlive/2017/texmf-dist/tex/generic/oberdiek/ifvtex.sty
Package: ifvtex 2016/05/16 v1.6 Detect VTeX and its facilities (HO)
Package ifvtex Info: VTeX not detected.
)
(/usr/local/texlive/2017/texmf-dist/tex/generic/ifxetex/ifxetex.sty
Package: ifxetex 2010/09/12 v0.6 Provides ifxetex conditional
)
\Gm@cnth=\count105
\Gm@cntv=\count106
\c@Gm@tempcnt=\count107
\Gm@bindingoffset=\dimen113
\Gm@wd@mp=\dimen114
\Gm@odd@mp=\dimen115
\Gm@even@mp=\dimen116
\Gm@layoutwidth=\dimen117
\Gm@layoutheight=\dimen118
\Gm@layouthoffset=\dimen119
\Gm@layoutvoffset=\dimen120
\Gm@dimlist=\toks23
)
(/usr/local/texlive/2017/texmf-dist/tex/latex/graphics/graphicx.sty
Package: graphicx 2014/10/28 v1.0g Enhanced LaTeX Graphics (DPC,SPQR)
\Gin@req@height=\dimen121
\Gin@req@width=\dimen122
)
(/usr/local/texlive/2017/texmf-dist/tex/latex/oberdiek/epstopdf.sty
Package: epstopdf 2016/05/15 v2.6 Conversion with epstopdf on the fly (HO)

(/usr/local/texlive/2017/texmf-dist/tex/latex/oberdiek/epstopdf-base.sty
Package: epstopdf-base 2016/05/15 v2.6 Base part for package epstopdf

(/usr/local/texlive/2017/texmf-dist/tex/latex/oberdiek/grfext.sty
Package: grfext 2016/05/16 v1.2 Manage graphics extensions (HO)

(/usr/local/texlive/2017/texmf-dist/tex/generic/oberdiek/kvdefinekeys.sty
Package: kvdefinekeys 2016/05/16 v1.4 Define keys (HO)
))
(/usr/local/texlive/2017/texmf-dist/tex/latex/oberdiek/kvoptions.sty
Package: kvoptions 2016/05/16 v3.12 Key value format for package options (HO)

(/usr/local/texlive/2017/texmf-dist/tex/generic/oberdiek/kvsetkeys.sty
Package: kvsetkeys 2016/05/16 v1.17 Key value parser (HO)

(/usr/local/texlive/2017/texmf-dist/tex/generic/oberdiek/etexcmds.sty
Package: etexcmds 2016/05/16 v1.6 Avoid name clashes with e-TeX commands (HO)

(/usr/local/texlive/2017/texmf-dist/tex/generic/oberdiek/ifluatex.sty
Package: ifluatex 2016/05/16 v1.4 Provides the ifluatex switch (HO)
Package ifluatex Info: LuaTeX not detected.
)
Package etexcmds Info: Could not find \expanded.
(etexcmds)             That can mean that you are not using pdfTeX 1.50 or
(etexcmds)             that some package has redefined \expanded.
(etexcmds)             In the latter case, load this package earlier.
)))
(/usr/local/texlive/2017/texmf-dist/tex/generic/oberdiek/pdftexcmds.sty
Package: pdftexcmds 2017/03/19 v0.25 Utility functions of pdfTeX for LuaTeX (HO
)
Package pdftexcmds Info: LuaTeX not detected.
Package pdftexcmds Info: \pdf@primitive is available.
Package pdftexcmds Info: \pdf@ifprimitive is available.
Package pdftexcmds Info: \pdfdraftmode found.
)
Package epstopdf-base Info: Redefining graphics rule for `.eps' on input line 4
38.
Package grfext Info: Graphics extension search list:
(grfext)             [.png,.pdf,.jpg,.mps,.jpeg,.jbig2,.jb2,.PNG,.PDF,.JPG,.JPE
G,.JBIG2,.JB2,.eps]
(grfext)             \AppendGraphicsExtensions on input line 456.

(/usr/local/texlive/2017/texmf-dist/tex/latex/latexconfig/epstopdf-sys.cfg
File: epstopdf-sys.cfg 2010/07/13 v1.3 Configuration of (r)epstopdf for TeX Liv
e
)))
(/usr/local/texlive/2017/texmf-dist/tex/latex/graphics/epsfig.sty
Package: epsfig 1999/02/16 v1.7a (e)psfig emulation (SPQR)
\epsfxsize=\dimen123
\epsfysize=\dimen124
)
(/usr/local/texlive/2017/texmf-dist/tex/latex/fancyhdr/fancyhdr.sty
Package: fancyhdr 2016/09/06 3.8 Extensive control of page headers and footers
\fancy@headwidth=\skip50
\f@ncyO@elh=\skip51
\f@ncyO@erh=\skip52
\f@ncyO@olh=\skip53
\f@ncyO@orh=\skip54
\f@ncyO@elf=\skip55
\f@ncyO@erf=\skip56
\f@ncyO@olf=\skip57
\f@ncyO@orf=\skip58
)
(/usr/local/texlive/2017/texmf-dist/tex/latex/booktabs/booktabs.sty
Package: booktabs 2016/04/27 v1.618033 publication quality tables
\heavyrulewidth=\dimen125
\lightrulewidth=\dimen126
\cmidrulewidth=\dimen127
\belowrulesep=\dimen128
\belowbottomsep=\dimen129
\aboverulesep=\dimen130
\abovetopsep=\dimen131
\cmidrulesep=\dimen132
\cmidrulekern=\dimen133
\defaultaddspace=\dimen134
\@cmidla=\count108
\@cmidlb=\count109
\@aboverulesep=\dimen135
\@belowrulesep=\dimen136
\@thisruleclass=\count110
\@lastruleclass=\count111
\@thisrulewidth=\dimen137
)
(/usr/local/texlive/2017/texmf-dist/tex/latex/tools/dcolumn.sty
Package: dcolumn 2014/10/28 v1.06 decimal alignment package (DPC)

(/usr/local/texlive/2017/texmf-dist/tex/latex/tools/array.sty
Package: array 2016/10/06 v2.4d Tabular extension package (FMi)
\col@sep=\dimen138
\extrarowheight=\dimen139
\NC@list=\toks24
\extratabsurround=\skip59
\backup@length=\skip60
))
(/usr/local/texlive/2017/texmf-dist/tex/latex/arydshln/arydshln.sty
Package: arydshln 2016/04/28 v1.73 
\dashlinedash=\dimen140
\dashlinegap=\dimen141
\adl@box=\box32
\adl@height=\dimen142
\adl@heightsave=\dimen143
\adl@depth=\dimen144
\adl@depthsave=\dimen145
\adl@finaldepth=\dimen146
\adl@columns=\count112
\adl@ncol=\count113
\adl@currentcolumn=\count114
\adl@currentcolumnsave=\count115
\adl@totalheight=\count116
\adl@totalheightsave=\count117
\adl@dash=\count118
\adl@gap=\count119
\adl@cla=\count120
\adl@clb=\count121
\adl@everyvbox=\toks25
\adl@LTpagetotal=\dimen147
)
(/usr/local/texlive/2017/texmf-dist/tex/latex/natbib/natbib.sty
Package: natbib 2010/09/13 8.31b (PWD, AO)
\bibhang=\skip61
\bibsep=\skip62
LaTeX Info: Redefining \cite on input line 694.
\c@NAT@ctr=\count122
)
(/usr/local/texlive/2017/texmf-dist/tex/latex/tools/tabularx.sty
Package: tabularx 2016/02/03 v2.11 `tabularx' package (DPC)
\TX@col@width=\dimen148
\TX@old@table=\dimen149
\TX@old@col=\dimen150
\TX@target=\dimen151
\TX@delta=\dimen152
\TX@cols=\count123
\TX@ftn=\toks26
)
(/usr/local/texlive/2017/texmf-dist/tex/latex/subfigure/subfigure.sty
Package: subfigure 2002/03/15 v2.1.5 subfigure package
\subfigtopskip=\skip63
\subfigcapskip=\skip64
\subfigcaptopadj=\dimen153
\subfigbottomskip=\skip65
\subfigcapmargin=\dimen154
\subfiglabelskip=\skip66
\c@subfigure=\count124
\c@lofdepth=\count125
\c@subtable=\count126
\c@lotdepth=\count127

****************************************
* Local config file subfigure.cfg used *
****************************************
(/usr/local/texlive/2017/texmf-dist/tex/latex/subfigure/subfigure.cfg)
\subfig@top=\skip67
\subfig@bottom=\skip68
)
(./tab_summ_counts.tex)
\c@proposition=\count128
\c@corollary=\count129

No file constraint-master.aux.
\openout1 = `constraint-master.aux'.

LaTeX Font Info:    Checking defaults for OML/cmm/m/it on input line 34.
LaTeX Font Info:    ... okay on input line 34.
LaTeX Font Info:    Checking defaults for T1/cmr/m/n on input line 34.
LaTeX Font Info:    ... okay on input line 34.
LaTeX Font Info:    Checking defaults for OT1/cmr/m/n on input line 34.
LaTeX Font Info:    ... okay on input line 34.
LaTeX Font Info:    Checking defaults for OMS/cmsy/m/n on input line 34.
LaTeX Font Info:    ... okay on input line 34.
LaTeX Font Info:    Checking defaults for OMX/cmex/m/n on input line 34.
LaTeX Font Info:    ... okay on input line 34.
LaTeX Font Info:    Checking defaults for U/cmr/m/n on input line 34.
LaTeX Font Info:    ... okay on input line 34.
(/usr/local/texlive/2017/texmf-dist/tex/context/base/mkii/supp-pdf.mkii
[Loading MPS to PDF converter (version 2006.09.02).]
\scratchcounter=\count130
\scratchdimen=\dimen155
\scratchbox=\box33
\nofMPsegments=\count131
\nofMParguments=\count132
\everyMPshowfont=\toks27
\MPscratchCnt=\count133
\MPscratchDim=\dimen156
\MPnumerator=\count134
\makeMPintoPDFobject=\count135
\everyMPtoPDFconversion=\toks28
)
*geometry* driver: auto-detecting
*geometry* detected driver: pdftex
*geometry* verbose mode - [ preamble ] result:
* driver: pdftex
* paper: <default>
* layout: <same size as paper>
* layoutoffset:(h,v)=(0.0pt,0.0pt)
* modes: 
* h-part:(L,W,R)=(72.26999pt, 469.75502pt, 72.26999pt)
* v-part:(T,H,B)=(90.3375pt, 614.295pt, 90.3375pt)
* \paperwidth=614.295pt
* \paperheight=794.96999pt
* \textwidth=469.75502pt
* \textheight=614.295pt
* \oddsidemargin=0.0pt
* \evensidemargin=0.0pt
* \topmargin=-18.9325pt
* \headheight=12.0pt
* \headsep=25.0pt
* \topskip=11.0pt
* \footskip=30.0pt
* \marginparwidth=59.0pt
* \marginparsep=10.0pt
* \columnsep=14.45377pt
* \skip\footins=10.0pt plus 4.0pt minus 2.0pt
* \hoffset=0.0pt
* \voffset=0.0pt
* \mag=1000
* \@twocolumnfalse
* \@twosidefalse
* \@mparswitchfalse
* \@reversemarginfalse
* (1in=72.27pt=25.4mm, 1cm=28.453pt)

[1

{/usr/local/texlive/2017/texmf-var/fonts/map/pdftex/updmap/pdftex.map}]

Package natbib Warning: Citation `ashraf2010dynamics' on page 1 undefined on in
put line 65.


Package natbib Warning: Citation `Galor:2011uq' on page 1 undefined on input li
ne 65.


Package natbib Warning: Citation `gw00' on page 1 undefined on input line 65.


Package natbib Warning: Citation `galor2002natural' on page 1 undefined on inpu
t line 65.


Package natbib Warning: Citation `Hansen:2002fk' on page 1 undefined on input l
ine 65.


Package natbib Warning: Citation `doepke2004accounting' on page 1 undefined on 
input line 65.


Package natbib Warning: Citation `cs2005' on page 1 undefined on input line 65.



Package natbib Warning: Citation `lagerlof2006' on page 1 undefined on input li
ne 65.


Package natbib Warning: Citation `craftsmills2009' on page 1 undefined on input
 line 65.


Package natbib Warning: Citation `strulik2008population' on page 1 undefined on
 input line 65.


Package natbib Warning: Citation `kp2001' on page 1 undefined on input line 65.



Package natbib Warning: Citation `galor2008trading' on page 1 undefined on inpu
t line 65.


Package natbib Warning: Citation `vollrath2011' on page 1 undefined on input li
ne 65.


Package natbib Warning: Citation `vv08' on page 1 undefined on input line 65.


Package natbib Warning: Citation `vv13' on page 1 undefined on input line 65.


Package natbib Warning: Citation `cs2015' on page 1 undefined on input line 65.



Package natbib Warning: Citation `Gollin:2007oq' on page 1 undefined on input l
ine 65.


Package natbib Warning: Citation `Restuccia:2008hc' on page 1 undefined on inpu
t line 65.


Package natbib Warning: Citation `weilwilde2009' on page 1 undefined on input l
ine 65.


Package natbib Warning: Citation `Gollin:2010ys' on page 1 undefined on input l
ine 65.


Package natbib Warning: Citation `ev2016clim' on page 1 undefined on input line
 65.


Package natbib Warning: Citation `perettovalente2015' on page 1 undefined on in
put line 65.


Package natbib Warning: Citation `hyde31' on page 1 undefined on input line 69.



Package natbib Warning: Citation `galorozak2016' on page 1 undefined on input l
ine 69.


Package natbib Warning: Citation `gaez' on page 1 undefined on input line 69.

[1]

Package natbib Warning: Citation `hyde31' on page 2 undefined on input line 77.


[2]

Package natbib Warning: Citation `aj07' on page 3 undefined on input line 81.


Package natbib Warning: Citation `ajr2005handbook' on page 3 undefined on input
 line 83.


Package natbib Warning: Citation `nunn_2009' on page 3 undefined on input line 
83.


Package natbib Warning: Citation `Galor:2011uq' on page 3 undefined on input li
ne 83.


Package natbib Warning: Citation `sw2013' on page 3 undefined on input line 83.



Package natbib Warning: Citation `vries2013' on page 3 undefined on input line 
83.


Package natbib Warning: Citation `Hayami:1970ly' on page 3 undefined on input l
ine 85.


Package natbib Warning: Citation `Hayami:1985cr' on page 3 undefined on input l
ine 85.


Package natbib Warning: Citation `cpr1997' on page 3 undefined on input line 85
.


Package natbib Warning: Citation `mm2001' on page 3 undefined on input line 85.



Package natbib Warning: Citation `Mundlak:2000dq' on page 3 undefined on input 
line 85.


Package natbib Warning: Citation `mbl2012' on page 3 undefined on input line 85
.


Package natbib Warning: Citation `et2013mango' on page 3 undefined on input lin
e 85.


Package natbib Warning: Citation `gg2003' on page 3 undefined on input line 85.



Package natbib Warning: Citation `Wiebe2003Resource-Qualit' on page 3 undefined
 on input line 85.


Package natbib Warning: Citation `et2013mango' on page 3 undefined on input lin
e 85.


Package natbib Warning: Citation `ev2016clim' on page 3 undefined on input line
 85.

[3]

Package natbib Warning: Citation `oh2005' on page 4 undefined on input line 87.



Package natbib Warning: Citation `ashraf2010dynamics' on page 4 undefined on in
put line 87.


Package natbib Warning: Citation `Nunn2011' on page 4 undefined on input line 8
7.


Package natbib Warning: Citation `Nunn2012' on page 4 undefined on input line 8
7.


Package natbib Warning: Citation `mich2012' on page 4 undefined on input line 8
7.


Package natbib Warning: Citation `agn2013' on page 4 undefined on input line 87
.


Package natbib Warning: Citation `cook14' on page 4 undefined on input line 87.



Package natbib Warning: Citation `cook2014role' on page 4 undefined on input li
ne 87.


Package natbib Warning: Citation `fenske2014' on page 4 undefined on input line
 87.


Package natbib Warning: Citation `alsan2015' on page 4 undefined on input line 
87.


Package natbib Warning: Citation `ashrafmich2015' on page 4 undefined on input 
line 87.


Package natbib Warning: Citation `dks2015' on page 4 undefined on input line 87
.


Package natbib Warning: Citation `galorozak2016' on page 4 undefined on input l
ine 87.


Package natbib Warning: Citation `litina2016' on page 4 undefined on input line
 87.


Package natbib Warning: Citation `ads2016' on page 4 undefined on input line 87
.


Package natbib Warning: Citation `FrankemaPap2017' on page 4 undefined on input
 line 87.


Package natbib Warning: Citation `mfm2014' on page 4 undefined on input line 89
.


Package natbib Warning: Citation `hssw2016' on page 4 undefined on input line 8
9.

[4]

LaTeX Warning: Reference `EQ_factorprices' on page 5 undefined on input line 11
7.


LaTeX Warning: Reference `EQ_prodwr' on page 5 undefined on input line 117.


LaTeX Warning: Reference `EQ_LaX' on page 5 undefined on input line 127.


LaTeX Warning: Reference `EQ_est' on page 5 undefined on input line 131.


LaTeX Warning: Reference `EQ_est' on page 5 undefined on input line 131.

[5]

LaTeX Warning: Reference `SEC_model' on page 6 undefined on input line 133.


LaTeX Warning: Reference `EQ_est' on page 6 undefined on input line 136.


LaTeX Warning: Reference `EQ_regress' on page 6 undefined on input line 140.


Overfull \hbox (15.19962pt too wide) in paragraph at lines 139--141
\OT1/cmr/m/n/10.95 On the left is agri-cul-tural pro-duc-tiv-ity in dis-trict/p
refecture/county $\OML/cmm/m/it/10.95 i$ \OT1/cmr/m/n/10.95 (e.g. Shaoguan) of 
province/state
 []


LaTeX Warning: Reference `EQ_regress' on page 6 undefined on input line 142.


LaTeX Warning: Reference `EQ_est' on page 6 undefined on input line 142.


LaTeX Warning: Reference `EQ_regress' on page 6 undefined on input line 142.


Package natbib Warning: Citation `hssw2016' on page 6 undefined on input line 1
44.

[6]

LaTeX Warning: Reference `EQ_regress' on page 7 undefined on input line 148.

[7]

Package natbib Warning: Citation `hyde31' on page 8 undefined on input line 159
.


LaTeX Warning: Reference `EQ_regress' on page 8 undefined on input line 163.


LaTeX Warning: Reference `TAB_summ' on page 8 undefined on input line 165.


LaTeX Warning: Reference `FIG_dens_rurd' on page 8 undefined on input line 165.


[8]

Package natbib Warning: Citation `galorozak2016' on page 9 undefined on input l
ine 169.


Package natbib Warning: Citation `galorozak2016' on page 9 undefined on input l
ine 169.


LaTeX Warning: Reference `EQ_regress' on page 9 undefined on input line 169.


Package natbib Warning: Citation `Boserup1965' on page 9 undefined on input lin
e 169.


Package natbib Warning: Citation `galorozak2016' on page 9 undefined on input l
ine 171.


Package natbib Warning: Citation `galorozak2016' on page 9 undefined on input l
ine 171.


Package natbib Warning: Citation `galorozak2016' on page 9 undefined on input l
ine 171.


Package natbib Warning: Citation `gaez' on page 9 undefined on input line 171.

[9]

LaTeX Warning: Reference `TAB_summ' on page 10 undefined on input line 173.


LaTeX Warning: Reference `FIG_dens_csi' on page 10 undefined on input line 175.



Package natbib Warning: Citation `gaez' on page 10 undefined on input line 181.


[10]

Package natbib Warning: Citation `hssw2016' on page 11 undefined on input line 
187.


Package natbib Warning: Citation `Elvidge1999' on page 11 undefined on input li
ne 187.


Package natbib Warning: Citation `hssw2016' on page 11 undefined on input line 
189.


LaTeX Warning: Reference `TAB_summ' on page 11 undefined on input line 189.

[11]

LaTeX Warning: Reference `TAB_beta_crops' on page 12 undefined on input line 19
4.

[12]

Package natbib Warning: Citation `kottek2006' on page 13 undefined on input lin
e 207.

[13]

LaTeX Warning: Reference `TAB_beta_kg' on page 14 undefined on input line 209.


LaTeX Warning: Reference `TAB_beta_kg' on page 14 undefined on input line 211.


LaTeX Warning: Reference `TAB_beta_kg' on page 14 undefined on input line 217.

[14]

LaTeX Warning: Reference `TAB_beta_kg' on page 15 undefined on input line 219.


LaTeX Warning: Reference `TAB_beta_subregion' on page 15 undefined on input lin
e 224.

[15]

LaTeX Warning: Reference `TAB_beta_subregion' on page 16 undefined on input lin
e 232.


LaTeX Warning: Reference `TAB_beta_subregion' on page 16 undefined on input lin
e 232.


LaTeX Warning: Reference `TAB_beta_crops' on page 16 undefined on input line 23
4.


LaTeX Warning: Reference `TAB_beta_kg' on page 16 undefined on input line 234.


LaTeX Warning: Reference `TAB_beta_subregion' on page 16 undefined on input lin
e 236.


LaTeX Warning: Reference `TAB_beta_subregion' on page 16 undefined on input lin
e 236.

[16]

Package natbib Warning: Citation `fuglie2010' on page 17 undefined on input lin
e 239.


Package natbib Warning: Citation `jg1992' on page 17 undefined on input line 24
1.


Package natbib Warning: Citation `Clark2002' on page 17 undefined on input line
 241.


Package natbib Warning: Citation `hrs1979' on page 17 undefined on input line 2
41.

[17]

Package natbib Warning: Citation `Hayami:1970ly' on page 18 undefined on input 
line 245.


Package natbib Warning: Citation `houthakker1955' on page 18 undefined on input
 line 245.


LaTeX Warning: Reference `TAB_beta_crops' on page 18 undefined on input line 25
0.


LaTeX Warning: Reference `TAB_beta_crops' on page 18 undefined on input line 25
2.


LaTeX Warning: Reference `TAB_beta_crops' on page 18 undefined on input line 25
2.


LaTeX Warning: Reference `TAB_beta_kg' on page 18 undefined on input line 252.


LaTeX Warning: Reference `TAB_beta_subregion' on page 18 undefined on input lin
e 252.


Package natbib Warning: Citation `hyde31' on page 18 undefined on input line 25
2.

[18]

Package natbib Warning: Citation `grump2011' on page 19 undefined on input line
 254.


Package natbib Warning: Citation `ipums' undefined on input line 256.

[19]

Package natbib Warning: Citation `gaez' on page 20 undefined on input line 264.



Package natbib Warning: Citation `wilde2012' on page 20 undefined on input line
 268.

[20]

LaTeX Warning: Reference `SEC_agmodel' on page 21 undefined on input line 276.

[21]

Package natbib Warning: Citation `boppart2014' on page 22 undefined on input li
ne 290.


LaTeX Warning: Reference `EQ_caL_solve' on page 22 undefined on input line 301.



LaTeX Warning: Reference `EQ_YN' on page 22 undefined on input line 301.


LaTeX Warning: Reference `EQ_ca_demand' on page 22 undefined on input line 301.



LaTeX Warning: Reference `EQ_mobility' on page 22 undefined on input line 301.

[22]

LaTeX Warning: Reference `EQ_LAL' on page 23 undefined on input line 321.


LaTeX Warning: Reference `EQ_y' on page 23 undefined on input line 321.


Package natbib Warning: Citation `kp2001' on page 23 undefined on input line 32
4.


Package natbib Warning: Citation `Gollin:2007oq' on page 23 undefined on input 
line 324.


Package natbib Warning: Citation `Restuccia:2008hc' on page 23 undefined on inp
ut line 324.


Package natbib Warning: Citation `Gollin:2010ys' on page 23 undefined on input 
line 324.


Package natbib Warning: Citation `vollrath2011' on page 23 undefined on input l
ine 324.


Package natbib Warning: Citation `Alvarez-Cuadrado:2011nx' on page 23 undefined
 on input line 324.


Package natbib Warning: Citation `hrv2014' on page 23 undefined on input line 3
24.


Package natbib Warning: Citation `duarte2010role' on page 23 undefined on input
 line 324.


Package natbib Warning: Citation `vv08' on page 23 undefined on input line 328.



Package natbib Warning: Citation `vv13' on page 23 undefined on input line 328.



Package natbib Warning: Citation `McNeill1976' on page 23 undefined on input li
ne 328.


Package natbib Warning: Citation `Geertz1963' on page 23 undefined on input lin
e 328.


Package natbib Warning: Citation `Huang1990' on page 23 undefined on input line
 328.


Package natbib Warning: Citation `huang2002' on page 23 undefined on input line
 328.

[23]

LaTeX Warning: Reference `SEC_model' on page 24 undefined on input line 331.


Package natbib Warning: Citation `aj07' on page 24 undefined on input line 333.



LaTeX Warning: Reference `EQ_regress' on page 24 undefined on input line 335.

[24]

LaTeX Warning: Reference `TAB_pop_panel' on page 25 undefined on input line 343
.


LaTeX Warning: Reference `TAB_pop_panel' on page 25 undefined on input line 345
.


LaTeX Warning: Reference `TAB_pop_panel' on page 25 undefined on input line 351
.


Package natbib Warning: Citation `bcf2014' on page 25 undefined on input line 3
51.

[25]

LaTeX Warning: Reference `TAB_pop_panel' on page 26 undefined on input line 357
.


LaTeX Warning: Reference `SEC_model' on page 26 undefined on input line 357.

[26] [27]
No file constraint-master.bbl.
Package epstopdf Info: Source file: <fig_dens_rurd.eps>
(epstopdf)                    date: 2017-07-21 13:32:44
(epstopdf)                    size: 59216 bytes
(epstopdf)             Output file: <fig_dens_rurd-eps-converted-to.pdf>
(epstopdf)                    date: 2017-10-03 13:44:43
(epstopdf)                    size: 27433 bytes
(epstopdf)             Command: <repstopdf --outfile=fig_dens_rurd-eps-converte
d-to.pdf fig_dens_rurd.eps>
(epstopdf)             \includegraphics on input line 386.
Package epstopdf Info: Output file is already uptodate.
<fig_dens_rurd-eps-converted-to.pdf, id=111, 397.485pt x 289.08pt>
File: fig_dens_rurd-eps-converted-to.pdf Graphic file (type pdf)

<use fig_dens_rurd-eps-converted-to.pdf>
Package pdftex.def Info: fig_dens_rurd-eps-converted-to.pdf used on input line 
386.
(pdftex.def)             Requested size: 469.75502pt x 341.64957pt.


Package natbib Warning: Citation `hyde31' on page 28 undefined on input line 38
8.

[28


 <./fig_dens_rurd-eps-converted-to.pdf>]
Package epstopdf Info: Source file: <fig_dens_csi.eps>
(epstopdf)                    date: 2017-07-21 13:32:33
(epstopdf)                    size: 55794 bytes
(epstopdf)             Output file: <fig_dens_csi-eps-converted-to.pdf>
(epstopdf)                    date: 2017-10-03 13:44:43
(epstopdf)                    size: 25585 bytes
(epstopdf)             Command: <repstopdf --outfile=fig_dens_csi-eps-converted
-to.pdf fig_dens_csi.eps>
(epstopdf)             \includegraphics on input line 398.
Package epstopdf Info: Output file is already uptodate.

<fig_dens_csi-eps-converted-to.pdf, id=121, 397.485pt x 289.08pt>
File: fig_dens_csi-eps-converted-to.pdf Graphic file (type pdf)

<use fig_dens_csi-eps-converted-to.pdf>
Package pdftex.def Info: fig_dens_csi-eps-converted-to.pdf used on input line 3
98.
(pdftex.def)             Requested size: 469.75502pt x 341.64957pt.


Package natbib Warning: Citation `galorozak2016' on page 29 undefined on input 
line 400.

[29

 <./fig_dens_csi-eps-converted-to.pdf>] (./tab_summ_levels.tex)
(./tab_summ_levels.tex) (./tab_summ_levels.tex)

Package natbib Warning: Citation `galorozak2016' on page 30 undefined on input 
line 421.


Package natbib Warning: Citation `hyde31' on page 30 undefined on input line 42
1.


Package natbib Warning: Citation `hyde31' on page 30 undefined on input line 42
1.


Package natbib Warning: Citation `hssw2016' on page 30 undefined on input line 
421.

[30

] (./tab_beta_crop_base.tex) (./tab_beta_crop_sub_base.tex)
(./tab_beta_crop_base.tex) (./tab_beta_crop_sub_base.tex)
(./tab_beta_crop_base.tex) (./tab_beta_crop_sub_base.tex)

LaTeX Warning: Reference `EQ_regress' on page 31 undefined on input line 453.


Package natbib Warning: Citation `hyde31' on page 31 undefined on input line 45
3.


Package natbib Warning: Citation `galorozak2016' on page 31 undefined on input 
line 453.

[31

] (./tab_beta_kg_climate_base.tex) (./tab_beta_kg_precip_base.tex)
(./tab_beta_kg_temp_base.tex) (./tab_beta_kg_climate_base.tex)
(./tab_beta_kg_precip_base.tex) (./tab_beta_kg_temp_base.tex)
(./tab_beta_kg_climate_base.tex) (./tab_beta_kg_precip_base.tex)
(./tab_beta_kg_temp_base.tex)

LaTeX Warning: Reference `EQ_regress' on page 32 undefined on input line 492.


Package natbib Warning: Citation `hyde31' on page 32 undefined on input line 49
2.


Package natbib Warning: Citation `galorozak2016' on page 32 undefined on input 
line 492.

[32

] (./tab_beta_subregionA_base.tex) (./tab_beta_subregionB_base.tex)
(./tab_beta_subregionC_base.tex) (./tab_beta_subregionA_base.tex)
(./tab_beta_subregionB_base.tex) (./tab_beta_subregionC_base.tex)
(./tab_beta_subregionA_base.tex) (./tab_beta_subregionB_base.tex)
(./tab_beta_subregionC_base.tex)

LaTeX Warning: Reference `EQ_regress' on page 33 undefined on input line 533.


Package natbib Warning: Citation `hyde31' on page 33 undefined on input line 53
3.


Package natbib Warning: Citation `galorozak2016' on page 33 undefined on input 
line 533.

[33

] (./tab_aj_comp.tex) (./tab_aj.tex) (./tab_aj_pop.tex) (./tab_aj_comp.tex)
(./tab_aj.tex) (./tab_aj_pop.tex) (./tab_aj_comp.tex) (./tab_aj.tex)
(./tab_aj_pop.tex)

LaTeX Warning: Reference `EQ_regress' on page 34 undefined on input line 565.


Package natbib Warning: Citation `aj07' on page 34 undefined on input line 565.



Package natbib Warning: There were undefined citations.

[34

] (./constraint-master.aux)

LaTeX Warning: There were undefined references.


LaTeX Warning: Label(s) may have changed. Rerun to get cross-references right.

 )
(\end occurred inside a group at level 3)

### simple group (level 3) entered at line 3 ({)
### simple group (level 2) entered at line 2 ({)
### simple group (level 1) entered at line 1 ({)
### bottom level 
Here is how much of TeX's memory you used:
 4305 strings out of 492995
 59885 string characters out of 6132704
 168016 words of memory out of 5000000
 7684 multiletter control sequences out of 15000+600000
 13010 words of font info for 46 fonts, out of 8000000 for 9000
 1141 hyphenation exceptions out of 8191
 42i,11n,43p,1995b,924s stack positions out of 5000i,500n,10000p,200000b,80000s
</usr/local/texlive/2017/texmf-dist/fonts/type1/public/amsfonts
/cm/cmbx10.pfb></usr/local/texlive/2017/texmf-dist/fonts/type1/public/amsfonts/
cm/cmbx12.pfb></usr/local/texlive/2017/texmf-dist/fonts/type1/public/amsfonts/c
m/cmbx9.pfb></usr/local/texlive/2017/texmf-dist/fonts/type1/public/amsfonts/cm/
cmcsc10.pfb></usr/local/texlive/2017/texmf-dist/fonts/type1/public/amsfonts/cm/
cmex10.pfb></usr/local/texlive/2017/texmf-dist/fonts/type1/public/amsfonts/cm/c
mmi10.pfb></usr/local/texlive/2017/texmf-dist/fonts/type1/public/amsfonts/cm/cm
mi6.pfb></usr/local/texlive/2017/texmf-dist/fonts/type1/public/amsfonts/cm/cmmi
8.pfb></usr/local/texlive/2017/texmf-dist/fonts/type1/public/amsfonts/cm/cmmi9.
pfb></usr/local/texlive/2017/texmf-dist/fonts/type1/public/amsfonts/cm/cmr10.pf
b></usr/local/texlive/2017/texmf-dist/fonts/type1/public/amsfonts/cm/cmr12.pfb>
</usr/local/texlive/2017/texmf-dist/fonts/type1/public/amsfonts/cm/cmr6.pfb></u
sr/local/texlive/2017/texmf-dist/fonts/type1/public/amsfonts/cm/cmr8.pfb></usr/
local/texlive/2017/texmf-dist/fonts/type1/public/amsfonts/cm/cmr9.pfb></usr/loc
al/texlive/2017/texmf-dist/fonts/type1/public/amsfonts/cm/cmsy10.pfb></usr/loca
l/texlive/2017/texmf-dist/fonts/type1/public/amsfonts/cm/cmsy6.pfb></usr/local/
texlive/2017/texmf-dist/fonts/type1/public/amsfonts/cm/cmsy8.pfb></usr/local/te
xlive/2017/texmf-dist/fonts/type1/public/amsfonts/cm/cmsy9.pfb></usr/local/texl
ive/2017/texmf-dist/fonts/type1/public/amsfonts/cm/cmti10.pfb></usr/local/texli
ve/2017/texmf-dist/fonts/type1/public/amsfonts/cm/cmti9.pfb>
Output written on constraint-master.pdf (35 pages, 390577 bytes).
PDF statistics:
 211 PDF objects out of 1000 (max. 8388607)
 148 compressed objects within 2 object streams
 0 named destinations out of 1000 (max. 500000)
 11 words of extra memory for PDF output out of 10000 (max. 10000000)

