
  ___  ____  ____  ____  ____ (R)
 /__    /   ____/   /   ____/
___/   /   /___/   /   /___/   14.2   Copyright 1985-2015 StataCorp LLC
  Statistics/Data Analysis            StataCorp
                                      4905 Lakeway Drive
     Special Edition                  College Station, Texas 77845 USA
                                      800-STATA-PC        http://www.stata.com
                                      979-696-4600        stata@stata.com
                                      979-696-4601 (fax)

5-user Stata network perpetual license:
       Serial number:  401406220297
         Licensed to:  Dietrich Vollrath
                       University of Houston

Notes:
      1.  Stata is running in batch mode.
      2.  Unicode is supported; see help unicode_advice.
      3.  Maximum number of variables is set to 32767; see help set_maxvar.


running /Users/dietz/Dropbox/Tools/profile.do ...

. do "Crops_Reg_Distance.do" 
file Crops_Reg_Distance.do not found
r(601);
